[2025-06-14 23:32:07][INFO][3326148][Socket.hpp][71]-socket success
[2025-06-14 23:32:07][INFO][3326148][Socket.hpp][82]-bind success
[2025-06-14 23:32:07][INFO][3326148][Socket.hpp][92]-listen success
[2025-06-14 23:32:07][INFO][3326148][Epoller.hpp][34]-epoll_ctl success
[2025-06-14 23:32:09][INFO][3326148][Epoller.hpp][34]-epoll_ctl success
[2025-06-14 23:32:09][INFO][3326148][Channel.hpp][47]-client: 127.0.0.1 : 44970
[2025-06-14 23:32:09][DEBUG][3326148][Http.hpp][42]-_method: GET
[2025-06-14 23:32:09][DEBUG][3326148][Http.hpp][43]-_uri: ./wwwroot/index.html
[2025-06-14 23:32:09][DEBUG][3326148][Http.hpp][44]-_http_version: HTTP/1.0
[2025-06-14 23:32:09][INFO][3326148][Epoller.hpp][34]-epoll_ctl success
[2025-06-14 23:32:09][INFO][3326148][Reactor.hpp][115]-client quit!
[2025-06-14 23:32:09][INFO][3326148][Epoller.hpp][34]-epoll_ctl success
[2025-06-14 23:32:09][INFO][3326148][Channel.hpp][47]-client: 127.0.0.1 : 44982
[2025-06-14 23:32:09][DEBUG][3326148][Http.hpp][42]-_method: GET
[2025-06-14 23:32:09][DEBUG][3326148][Http.hpp][43]-_uri: ./wwwroot/imag/header.png
[2025-06-14 23:32:09][DEBUG][3326148][Http.hpp][44]-_http_version: HTTP/1.0
[2025-06-14 23:32:09][INFO][3326148][Epoller.hpp][34]-epoll_ctl success
[2025-06-14 23:32:09][INFO][3326148][Reactor.hpp][115]-client quit!
[2025-06-14 23:32:11][INFO][3326148][Epoller.hpp][34]-epoll_ctl success
[2025-06-14 23:32:11][INFO][3326148][Channel.hpp][47]-client: 127.0.0.1 : 45558
[2025-06-14 23:32:11][DEBUG][3326148][Http.hpp][42]-_method: GET
[2025-06-14 23:32:11][DEBUG][3326148][Http.hpp][43]-_uri: ./wwwroot/blog.html
[2025-06-14 23:32:11][DEBUG][3326148][Http.hpp][44]-_http_version: HTTP/1.0
[2025-06-14 23:32:11][INFO][3326148][Epoller.hpp][34]-epoll_ctl success
[2025-06-14 23:32:11][INFO][3326148][Reactor.hpp][115]-client quit!
[2025-06-14 23:32:11][INFO][3326148][Epoller.hpp][34]-epoll_ctl success
[2025-06-14 23:32:11][INFO][3326148][Channel.hpp][47]-client: 127.0.0.1 : 45566
[2025-06-14 23:32:11][DEBUG][3326148][Http.hpp][42]-_method: GET
[2025-06-14 23:32:11][DEBUG][3326148][Http.hpp][43]-_uri: ./wwwroot/favicon.ico
[2025-06-14 23:32:11][DEBUG][3326148][Http.hpp][44]-_http_version: HTTP/1.0
[2025-06-14 23:32:11][INFO][3326148][Epoller.hpp][34]-epoll_ctl success
[2025-06-14 23:32:11][INFO][3326148][Reactor.hpp][115]-client quit!
[2025-06-14 23:32:25][INFO][3326148][Epoller.hpp][34]-epoll_ctl success
[2025-06-14 23:32:25][INFO][3326148][Channel.hpp][47]-client: 127.0.0.1 : 43908
[2025-06-14 23:32:25][DEBUG][3326148][Http.hpp][42]-_method: GET
[2025-06-14 23:32:25][DEBUG][3326148][Http.hpp][43]-_uri: ./wwwroot/blog/md/wangluo_jibengainian.md
[2025-06-14 23:32:25][DEBUG][3326148][Http.hpp][44]-_http_version: HTTP/1.0
[2025-06-14 23:32:25][INFO][3326148][Epoller.hpp][34]-epoll_ctl success
[2025-06-14 23:32:25][INFO][3326148][Reactor.hpp][115]-client quit!
[2025-06-14 23:33:30][INFO][3326148][Epoller.hpp][34]-epoll_ctl success
[2025-06-14 23:33:30][INFO][3326148][Channel.hpp][47]-client: 39.144.218.102 : 48850
[2025-06-14 23:33:30][DEBUG][3326148][Http.hpp][42]-_method: GET
[2025-06-14 23:33:30][DEBUG][3326148][Http.hpp][43]-_uri: ./wwwroot/index.html
[2025-06-14 23:33:30][DEBUG][3326148][Http.hpp][44]-_http_version: HTTP/1.1
[2025-06-14 23:33:30][INFO][3326148][Epoller.hpp][34]-epoll_ctl success
[2025-06-14 23:33:30][INFO][3326148][Channel.hpp][47]-client: 39.144.218.102 : 48850
[2025-06-14 23:33:30][DEBUG][3326148][Http.hpp][42]-_method: GET
[2025-06-14 23:33:30][DEBUG][3326148][Http.hpp][43]-_uri: ./wwwroot/index.html
[2025-06-14 23:33:30][DEBUG][3326148][Http.hpp][44]-_http_version: HTTP/1.1
[2025-06-14 23:33:30][INFO][3326148][Epoller.hpp][34]-epoll_ctl success
[2025-06-14 23:33:31][INFO][3326148][Reactor.hpp][115]-client quit!
